Flow report for CPLD_design
Wed Jan 20 18:24:00 2021
Quartus II 64-Bit Version 13.1.0 Build 162 10/23/2013 SJ Web Edition


---------------------
; Table of Contents ;
---------------------
  1. Legal Notice
  2. Flow Summary
  3. Flow Settings
  4. Flow Non-Default Global Settings
  5. Flow Elapsed Time
  6. Flow OS Summary
  7. Flow Log
  8. Flow Messages
  9. Flow Suppressed Messages



----------------
; Legal Notice ;
----------------
Copyright (C) 1991-2013 Altera Corporation
Your use of Altera Corporation's design tools, logic functions 
and other software and tools, and its AMPP partner logic 
functions, and any output files from any of the foregoing 
(including device programming or simulation files), and any 
associated documentation or information are expressly subject 
to the terms and conditions of the Altera Program License 
Subscription Agreement, Altera MegaCore Function License 
Agreement, or other applicable license agreement, including, 
without limitation, that your use is for the sole purpose of 
programming logic devices manufactured by Altera and sold by 
Altera or its authorized distributors.  Please refer to the 
applicable agreement for further details.



+------------------------------------------------------------------------+
; Flow Summary                                                           ;
+---------------------------+--------------------------------------------+
; Flow Status               ; Successful - Wed Jan 20 18:23:57 2021      ;
; Quartus II 64-Bit Version ; 13.1.0 Build 162 10/23/2013 SJ Web Edition ;
; Revision Name             ; CPLD_design                                ;
; Top-level Entity Name     ; CPLD_design                                ;
; Family                    ; MAX II                                     ;
; Device                    ; EPM240T100C5                               ;
; Timing Models             ; Final                                      ;
; Total logic elements      ; 11 / 240 ( 5 % )                           ;
; Total pins                ; 29 / 80 ( 36 % )                           ;
; Total virtual pins        ; 0                                          ;
; UFM blocks                ; 0 / 1 ( 0 % )                              ;
+---------------------------+--------------------------------------------+


+-----------------------------------------+
; Flow Settings                           ;
+-------------------+---------------------+
; Option            ; Setting             ;
+-------------------+---------------------+
; Start date & time ; 01/20/2021 18:23:51 ;
; Main task         ; Compilation         ;
; Revision Name     ; CPLD_design         ;
+-------------------+---------------------+


+-------------------------------------------------------------------------------------------------------------------------------------------+
; Flow Non-Default Global Settings                                                                                                          ;
+---------------------------------------+---------------------------------+---------------+-------------+-----------------------------------+
; Assignment Name                       ; Value                           ; Default Value ; Entity Name ; Section Id                        ;
+---------------------------------------+---------------------------------+---------------+-------------+-----------------------------------+
; COMPILER_SIGNATURE_ID                 ; 102228239108731.161119583105756 ; --            ; --          ; --                                ;
; EDA_GENERATE_FUNCTIONAL_NETLIST       ; Off                             ; --            ; --          ; eda_board_design_timing           ;
; EDA_GENERATE_FUNCTIONAL_NETLIST       ; Off                             ; --            ; --          ; eda_board_design_symbol           ;
; EDA_GENERATE_FUNCTIONAL_NETLIST       ; Off                             ; --            ; --          ; eda_board_design_signal_integrity ;
; EDA_GENERATE_FUNCTIONAL_NETLIST       ; Off                             ; --            ; --          ; eda_board_design_boundary_scan    ;
; MAX_CORE_JUNCTION_TEMP                ; 85                              ; --            ; --          ; --                                ;
; MIN_CORE_JUNCTION_TEMP                ; 0                               ; --            ; --          ; --                                ;
; POWER_EXT_SUPPLY_VOLTAGE_TO_REGULATOR ; 3.3V                            ; --            ; --          ; --                                ;
; PROJECT_OUTPUT_DIRECTORY              ; output_files                    ; --            ; --          ; --                                ;
+---------------------------------------+---------------------------------+---------------+-------------+-----------------------------------+


+-------------------------------------------------------------------------------------------------------------------------------+
; Flow Elapsed Time                                                                                                             ;
+---------------------------+--------------+-------------------------+---------------------+------------------------------------+
; Module Name               ; Elapsed Time ; Average Processors Used ; Peak Virtual Memory ; Total CPU Time (on all processors) ;
+---------------------------+--------------+-------------------------+---------------------+------------------------------------+
; Analysis & Synthesis      ; 00:00:02     ; 1.0                     ; 4594 MB             ; 00:00:01                           ;
; Fitter                    ; 00:00:02     ; 1.0                     ; 4831 MB             ; 00:00:01                           ;
; Assembler                 ; 00:00:01     ; 1.0                     ; 4554 MB             ; 00:00:01                           ;
; TimeQuest Timing Analyzer ; 00:00:01     ; 1.0                     ; 4549 MB             ; 00:00:01                           ;
; Total                     ; 00:00:06     ; --                      ; --                  ; 00:00:04                           ;
+---------------------------+--------------+-------------------------+---------------------+------------------------------------+


+----------------------------------------------------------------------------------------+
; Flow OS Summary                                                                        ;
+---------------------------+------------------+-----------+------------+----------------+
; Module Name               ; Machine Hostname ; OS Name   ; OS Version ; Processor type ;
+---------------------------+------------------+-----------+------------+----------------+
; Analysis & Synthesis      ; DESKTOP-BQ00GH6  ; Windows 7 ; 6.2        ; x86_64         ;
; Fitter                    ; DESKTOP-BQ00GH6  ; Windows 7 ; 6.2        ; x86_64         ;
; Assembler                 ; DESKTOP-BQ00GH6  ; Windows 7 ; 6.2        ; x86_64         ;
; TimeQuest Timing Analyzer ; DESKTOP-BQ00GH6  ; Windows 7 ; 6.2        ; x86_64         ;
+---------------------------+------------------+-----------+------------+----------------+


------------
; Flow Log ;
------------
quartus_map --read_settings_files=on --write_settings_files=off CPLD_design -c CPLD_design
quartus_fit --read_settings_files=off --write_settings_files=off CPLD_design -c CPLD_design
quartus_asm --read_settings_files=off --write_settings_files=off CPLD_design -c CPLD_design
quartus_sta CPLD_design -c CPLD_design



